<?xml version="1.0" encoding="UTF-8"?>
<!-- Generated by org.testng.reporters.JUnitXMLReporter -->
<testsuite hostname="DESKTOP-68FQSFB" ignored="1" name="sauce-demo-com-wk5" tests="1" failures="0" timestamp="2023-05-07T21:40:35 BST" time="39.074" errors="0">
  <testcase name="userShouldLoginSuccessfullyWithValidCredentials" time="9.229" classname="com.saucedemo.testsuite.LogInTest"/>
  <testcase name="verifyThatSixProductsAreDisplayedOnPage" time="0.0" classname="com.saucedemo.testsuite.LogInTest">
    <ignored/>
  </testcase> <!-- verifyThatSixProductsAreDisplayedOnPage -->
</testsuite> <!-- sauce-demo-com-wk5 -->
