<?xml version="1.0" encoding="UTF-8"?>
<!-- Generated by org.testng.reporters.JUnitXMLReporter -->
<testsuite hostname="DESKTOP-68FQSFB" ignored="0" name="sanity" tests="2" failures="0" timestamp="2023-05-07T21:49:48 BST" time="25.636" errors="0">
  <testcase name="userShouldLoginSuccessfullyWithValidCredentials" time="5.581" classname="com.saucedemo.testsuite.LogInTest"/>
  <testcase name="verifyThatSixProductsAreDisplayedOnPage" time="5.581" classname="com.saucedemo.testsuite.LogInTest"/>
</testsuite> <!-- sanity -->
