<?xml version="1.0" encoding="UTF-8"?>
<!-- Generated by org.testng.reporters.JUnitXMLReporter -->
<testsuite hostname="DESKTOP-68FQSFB" ignored="0" name="sanity" tests="2" failures="0" timestamp="2023-05-07T22:36:25 BST" time="19.308" errors="0">
  <testcase name="userShouldLoginSuccessfullyWithValidCredentials" time="5.465" classname="com.saucedemo.testsuite.LogInTest"/>
  <testcase name="verifyThatSixProductsAreDisplayedOnPage" time="5.438" classname="com.saucedemo.testsuite.LogInTest"/>
</testsuite> <!-- sanity -->
