<?xml version="1.0" encoding="UTF-8"?>
<testsuite name="Login Test"
           tests="2"
           failures="0"
           errors="0"
           skipped="0"
           time="11.126">
  <properties />
  
  
            <testcase name="userShouldLoginSuccessfullyWithValidCredentials" time="5.592" classname="com.saucedemo.testsuite.LogInTest" />
                <testcase name="verifyThatSixProductsAreDisplayedOnPage" time="5.534" classname="com.saucedemo.testsuite.LogInTest" />
      
</testsuite>
