<?xml version="1.0" encoding="UTF-8"?>
<testng-results skipped="0" failed="0" ignored="0" total="2" passed="2">
  <reporter-output>
  </reporter-output>
  <suite name="Sanity Suite" duration-ms="19308" started-at="2023-05-07T22:36:05 BST" finished-at="2023-05-07T22:36:25 BST">
    <groups>
      <group name="regression">
        <method signature="LogInTest.userShouldLoginSuccessfullyWithValidCredentials()[pri:0, instance:com.saucedemo.testsuite.LogInTest@6b57696f]" name="userShouldLoginSuccessfullyWithValidCredentials" class="com.saucedemo.testsuite.LogInTest"/>
        <method signature="LogInTest.verifyThatSixProductsAreDisplayedOnPage()[pri:0, instance:com.saucedemo.testsuite.LogInTest@6b57696f]" name="verifyThatSixProductsAreDisplayedOnPage" class="com.saucedemo.testsuite.LogInTest"/>
      </group> <!-- regression -->
      <group name="smoke">
        <method signature="LogInTest.verifyThatSixProductsAreDisplayedOnPage()[pri:0, instance:com.saucedemo.testsuite.LogInTest@6b57696f]" name="verifyThatSixProductsAreDisplayedOnPage" class="com.saucedemo.testsuite.LogInTest"/>
      </group> <!-- smoke -->
      <group name="sanity">
        <method signature="LogInTest.userShouldLoginSuccessfullyWithValidCredentials()[pri:0, instance:com.saucedemo.testsuite.LogInTest@6b57696f]" name="userShouldLoginSuccessfullyWithValidCredentials" class="com.saucedemo.testsuite.LogInTest"/>
        <method signature="LogInTest.verifyThatSixProductsAreDisplayedOnPage()[pri:0, instance:com.saucedemo.testsuite.LogInTest@6b57696f]" name="verifyThatSixProductsAreDisplayedOnPage" class="com.saucedemo.testsuite.LogInTest"/>
      </group> <!-- sanity -->
    </groups>
    <test name="sanity" duration-ms="19308" started-at="2023-05-07T22:36:05 BST" finished-at="2023-05-07T22:36:25 BST">
      <class name="com.saucedemo.testsuite.LogInTest">
        <test-method status="PASS" signature="setUp()[pri:0, instance:com.saucedemo.testsuite.LogInTest@6b57696f]" name="setUp" is-config="true" duration-ms="5300" started-at="2023-05-07T22:36:06 BST" finished-at="2023-05-07T22:36:11 BST">
          <reporter-output>
          </reporter-output>
        </test-method> <!-- setUp -->
        <test-method status="PASS" signature="inIt()[pri:0, instance:com.saucedemo.testsuite.LogInTest@6b57696f]" name="inIt" is-config="true" duration-ms="2" started-at="2023-05-07T22:36:11 BST" finished-at="2023-05-07T22:36:11 BST">
          <reporter-output>
          </reporter-output>
        </test-method> <!-- inIt -->
        <test-method status="PASS" signature="userShouldLoginSuccessfullyWithValidCredentials()[pri:0, instance:com.saucedemo.testsuite.LogInTest@6b57696f]" name="userShouldLoginSuccessfullyWithValidCredentials" duration-ms="5465" started-at="2023-05-07T22:36:11 BST" finished-at="2023-05-07T22:36:17 BST">
          <reporter-output>
          </reporter-output>
        </test-method> <!-- userShouldLoginSuccessfullyWithValidCredentials -->
        <test-method status="PASS" signature="setUp()[pri:0, instance:com.saucedemo.testsuite.LogInTest@6b57696f]" name="setUp" is-config="true" duration-ms="2500" started-at="2023-05-07T22:36:17 BST" finished-at="2023-05-07T22:36:19 BST">
          <reporter-output>
          </reporter-output>
        </test-method> <!-- setUp -->
        <test-method status="PASS" signature="inIt()[pri:0, instance:com.saucedemo.testsuite.LogInTest@6b57696f]" name="inIt" is-config="true" duration-ms="2" started-at="2023-05-07T22:36:19 BST" finished-at="2023-05-07T22:36:19 BST">
          <reporter-output>
          </reporter-output>
        </test-method> <!-- inIt -->
        <test-method status="PASS" signature="verifyThatSixProductsAreDisplayedOnPage()[pri:0, instance:com.saucedemo.testsuite.LogInTest@6b57696f]" name="verifyThatSixProductsAreDisplayedOnPage" duration-ms="5438" started-at="2023-05-07T22:36:19 BST" finished-at="2023-05-07T22:36:25 BST">
          <reporter-output>
          </reporter-output>
        </test-method> <!-- verifyThatSixProductsAreDisplayedOnPage -->
      </class> <!-- com.saucedemo.testsuite.LogInTest -->
    </test> <!-- sanity -->
  </suite> <!-- Sanity Suite -->
</testng-results>
